
> @dxc-technology/halstack-react@0.0.0 build-storybook
> storybook build --output-dir C:\Users\moren\AppData\Local\Temp\chromatic--25420-24RX1Fvg1xRn

@storybook/cli v8.0.8

info => Cleaning outputDir: ..\..\..\..\..\AppData\Local\Temp\chromatic--25420-24RX1Fvg1xRn
info => Loading presets
info => Building manager..
info => Manager built (253 ms)
info => Building preview..
WARN No story files found for the specified pattern: src\**\*.mdx
[36mvite v5.2.10 [32mbuilding for production...[36m[39m
transforming...
[32m✓[39m 341 modules transformed.
rendering chunks...
[2m../../../../../AppData/Local/Temp/chromatic--25420-24RX1Fvg1xRn/[22m[32miframe.html                                       [39m[1m[2m 13.16 kB[22m[1m[22m
[2m../../../../../AppData/Local/Temp/chromatic--25420-24RX1Fvg1xRn/[22m[36massets/preview-B4GcaC1c.js                        [39m[1m[2m  0.07 kB[22m[1m[22m
[2m../../../../../AppData/Local/Temp/chromatic--25420-24RX1Fvg1xRn/[22m[36massets/useTranslatedLabels-LjFXMuG4.js            [39m[1m[2m  0.14 kB[22m[1m[22m
[2m../../../../../AppData/Local/Temp/chromatic--25420-24RX1Fvg1xRn/[22m[36massets/useTheme-DeCt7e_e.js                       [39m[1m[2m  0.14 kB[22m[1m[22m
[2m../../../../../AppData/Local/Temp/chromatic--25420-24RX1Fvg1xRn/[22m[36massets/utils-CfKSBaup.js                          [39m[1m[2m  0.15 kB[22m[1m[22m
[2m../../../../../AppData/Local/Temp/chromatic--25420-24RX1Fvg1xRn/[22m[36massets/_commonjsHelpers-Cpj98o6Y.js               [39m[1m[2m  0.24 kB[22m[1m[22m
[2m../../../../../AppData/Local/Temp/chromatic--25420-24RX1Fvg1xRn/[22m[36massets/Typography-BysXeJMi.js                     [39m[1m[2m  0.26 kB[22m[1m[22m
[2m../../../../../AppData/Local/Temp/chromatic--25420-24RX1Fvg1xRn/[22m[36massets/ExampleContainer-DgaKcQQn.js               [39m[1m[2m  0.29 kB[22m[1m[22m
[2m../../../../../AppData/Local/Temp/chromatic--25420-24RX1Fvg1xRn/[22m[36massets/Title-BhKU-sbe.js                          [39m[1m[2m  0.32 kB[22m[1m[22m
[2m../../../../../AppData/Local/Temp/chromatic--25420-24RX1Fvg1xRn/[22m[36massets/Paragraph-Dc6zofRB.js                      [39m[1m[2m  0.35 kB[22m[1m[22m
[2m../../../../../AppData/Local/Temp/chromatic--25420-24RX1Fvg1xRn/[22m[36massets/Inset-dXCwHOYU.js                          [39m[1m[2m  0.50 kB[22m[1m[22m
[2m../../../../../AppData/Local/Temp/chromatic--25420-24RX1Fvg1xRn/[22m[36massets/Bleed-DozNaQxs.js                          [39m[1m[2m  0.50 kB[22m[1m[22m
[2m../../../../../AppData/Local/Temp/chromatic--25420-24RX1Fvg1xRn/[22m[36massets/index-DrFu-skq.js                          [39m[1m[2m  0.77 kB[22m[1m[22m
[2m../../../../../AppData/Local/Temp/chromatic--25420-24RX1Fvg1xRn/[22m[36massets/preview-DXyApvKZ.js                        [39m[1m[2m  0.83 kB[22m[1m[22m
[2m../../../../../AppData/Local/Temp/chromatic--25420-24RX1Fvg1xRn/[22m[36massets/preview-CYD85dwb.js                        [39m[1m[2m  0.84 kB[22m[1m[22m
[2m../../../../../AppData/Local/Temp/chromatic--25420-24RX1Fvg1xRn/[22m[36massets/Icon-Exq4GjAI.js                           [39m[1m[2m  0.93 kB[22m[1m[22m
[2m../../../../../AppData/Local/Temp/chromatic--25420-24RX1Fvg1xRn/[22m[36massets/Flex-KjEqFDTX.js                           [39m[1m[2m  0.98 kB[22m[1m[22m
[2m../../../../../AppData/Local/Temp/chromatic--25420-24RX1Fvg1xRn/[22m[36massets/preview-CoHr_Wi5.js                        [39m[1m[2m  1.00 kB[22m[1m[22m
[2m../../../../../AppData/Local/Temp/chromatic--25420-24RX1Fvg1xRn/[22m[36massets/Image-DX_8NtF0.js                          [39m[1m[2m  1.09 kB[22m[1m[22m
[2m../../../../../AppData/Local/Temp/chromatic--25420-24RX1Fvg1xRn/[22m[36massets/NumberInput-Cj-6m5AZ.js                    [39m[1m[2m  1.22 kB[22m[1m[22m
[2m../../../../../AppData/Local/Temp/chromatic--25420-24RX1Fvg1xRn/[22m[36massets/PasswordInput-BTHLhsqp.js                  [39m[1m[2m  1.27 kB[22m[1m[22m
[2m../../../../../AppData/Local/Temp/chromatic--25420-24RX1Fvg1xRn/[22m[36massets/BaseTypography-mSn7qQAG.js                 [39m[1m[2m  1.51 kB[22m[1m[22m
[2m../../../../../AppData/Local/Temp/chromatic--25420-24RX1Fvg1xRn/[22m[36massets/StatusLight-DU4nx-r1.js                    [39m[1m[2m  1.57 kB[22m[1m[22m
[2m../../../../../AppData/Local/Temp/chromatic--25420-24RX1Fvg1xRn/[22m[36massets/ActionIcon-DMzCFSB2.js                     [39m[1m[2m  1.67 kB[22m[1m[22m
[2m../../../../../AppData/Local/Temp/chromatic--25420-24RX1Fvg1xRn/[22m[36massets/entry-preview-BU9KLlPV.js                  [39m[1m[2m  1.69 kB[22m[1m[22m
[2m../../../../../AppData/Local/Temp/chromatic--25420-24RX1Fvg1xRn/[22m[36massets/Grid-b2lzGR_f.js                           [39m[1m[2m  1.78 kB[22m[1m[22m
[2m../../../../../AppData/Local/Temp/chromatic--25420-24RX1Fvg1xRn/[22m[36massets/Box-B0PNuLF0.js                            [39m[1m[2m  2.06 kB[22m[1m[22m
[2m../../../../../AppData/Local/Temp/chromatic--25420-24RX1Fvg1xRn/[22m[36massets/Card-CZZmRX9A.js                           [39m[1m[2m  2.23 kB[22m[1m[22m
[2m../../../../../AppData/Local/Temp/chromatic--25420-24RX1Fvg1xRn/[22m[36massets/index-CeThVdo_.js                          [39m[1m[2m  2.37 kB[22m[1m[22m
[2m../../../../../AppData/Local/Temp/chromatic--25420-24RX1Fvg1xRn/[22m[36massets/preview-Iw54wP3s.js                        [39m[1m[2m  2.47 kB[22m[1m[22m
[2m../../../../../AppData/Local/Temp/chromatic--25420-24RX1Fvg1xRn/[22m[36massets/BulletedList-D8848Lpn.js                   [39m[1m[2m  2.48 kB[22m[1m[22m
[2m../../../../../AppData/Local/Temp/chromatic--25420-24RX1Fvg1xRn/[22m[36massets/AccordionGroup-ht7X1d_g.js                 [39m[1m[2m  2.56 kB[22m[1m[22m
[2m../../../../../AppData/Local/Temp/chromatic--25420-24RX1Fvg1xRn/[22m[36massets/ActionIcon.stories-DyX-Fmwi.js             [39m[1m[2m  2.67 kB[22m[1m[22m
[2m../../../../../AppData/Local/Temp/chromatic--25420-24RX1Fvg1xRn/[22m[36massets/Paragraph.stories-CUo9wygJ.js              [39m[1m[2m  2.67 kB[22m[1m[22m
[2m../../../../../AppData/Local/Temp/chromatic--25420-24RX1Fvg1xRn/[22m[36massets/Badge-BG7b7dLa.js                          [39m[1m[2m  2.81 kB[22m[1m[22m
[2m../../../../../AppData/Local/Temp/chromatic--25420-24RX1Fvg1xRn/[22m[36massets/Container-oNdTOFe9.js                      [39m[1m[2m  2.87 kB[22m[1m[22m
[2m../../../../../AppData/Local/Temp/chromatic--25420-24RX1Fvg1xRn/[22m[36massets/Link-Csdivrtc.js                           [39m[1m[2m  2.98 kB[22m[1m[22m
[2m../../../../../AppData/Local/Temp/chromatic--25420-24RX1Fvg1xRn/[22m[36massets/Paginator-DoYpJ1_z.js                      [39m[1m[2m  2.99 kB[22m[1m[22m
[2m../../../../../AppData/Local/Temp/chromatic--25420-24RX1Fvg1xRn/[22m[36massets/preview-B63p-W8V.js                        [39m[1m[2m  3.10 kB[22m[1m[22m
[2m../../../../../AppData/Local/Temp/chromatic--25420-24RX1Fvg1xRn/[22m[36massets/Tag-bpDY6bsi.js                            [39m[1m[2m  3.15 kB[22m[1m[22m
[2m../../../../../AppData/Local/Temp/chromatic--25420-24RX1Fvg1xRn/[22m[36massets/Heading-CuHG4Wf2.js                        [39m[1m[2m  3.22 kB[22m[1m[22m
[2m../../../../../AppData/Local/Temp/chromatic--25420-24RX1Fvg1xRn/[22m[36massets/Chip-Cy2p_xvF.js                           [39m[1m[2m  3.22 kB[22m[1m[22m
[2m../../../../../AppData/Local/Temp/chromatic--25420-24RX1Fvg1xRn/[22m[36massets/Icon.stories-Dxual7yb.js                   [39m[1m[2m  3.28 kB[22m[1m[22m
[2m../../../../../AppData/Local/Temp/chromatic--25420-24RX1Fvg1xRn/[22m[36massets/preview-DQtykb1_.js                        [39m[1m[2m  3.29 kB[22m[1m[22m
[2m../../../../../AppData/Local/Temp/chromatic--25420-24RX1Fvg1xRn/[22m[36massets/coreTokens-r70qX632.js                     [39m[1m[2m  3.65 kB[22m[1m[22m
[2m../../../../../AppData/Local/Temp/chromatic--25420-24RX1Fvg1xRn/[22m[36massets/NavTabs-5iqAo-KA.js                        [39m[1m[2m  4.25 kB[22m[1m[22m
[2m../../../../../AppData/Local/Temp/chromatic--25420-24RX1Fvg1xRn/[22m[36massets/ResultsetTable-CWSG_01q.js                 [39m[1m[2m  4.30 kB[22m[1m[22m
[2m../../../../../AppData/Local/Temp/chromatic--25420-24RX1Fvg1xRn/[22m[36massets/Breadcrumbs-Dt3kDZEf.js                    [39m[1m[2m  4.32 kB[22m[1m[22m
[2m../../../../../AppData/Local/Temp/chromatic--25420-24RX1Fvg1xRn/[22m[36massets/Dialog-BNbJal_W.js                         [39m[1m[2m  4.40 kB[22m[1m[22m
[2m../../../../../AppData/Local/Temp/chromatic--25420-24RX1Fvg1xRn/[22m[36massets/ProgressBar-BhUxtCo8.js                    [39m[1m[2m  4.53 kB[22m[1m[22m
[2m../../../../../AppData/Local/Temp/chromatic--25420-24RX1Fvg1xRn/[22m[36massets/Checkbox-BUXokFnl.js                       [39m[1m[2m  4.60 kB[22m[1m[22m
[2m../../../../../AppData/Local/Temp/chromatic--25420-24RX1Fvg1xRn/[22m[36massets/preview-CQwMPdxT.js                        [39m[1m[2m  4.64 kB[22m[1m[22m
[2m../../../../../AppData/Local/Temp/chromatic--25420-24RX1Fvg1xRn/[22m[36massets/Accordion-Y-Za4lCg.js                      [39m[1m[2m  4.64 kB[22m[1m[22m
[2m../../../../../AppData/Local/Temp/chromatic--25420-24RX1Fvg1xRn/[22m[36massets/Button-B4c7ml19.js                         [39m[1m[2m  4.70 kB[22m[1m[22m
[2m../../../../../AppData/Local/Temp/chromatic--25420-24RX1Fvg1xRn/[22m[36massets/Switch-BVeqpgrD.js                         [39m[1m[2m  4.88 kB[22m[1m[22m
[2m../../../../../AppData/Local/Temp/chromatic--25420-24RX1Fvg1xRn/[22m[36massets/Heading.stories-CN-6Ep-B.js                [39m[1m[2m  5.05 kB[22m[1m[22m
[2m../../../../../AppData/Local/Temp/chromatic--25420-24RX1Fvg1xRn/[22m[36massets/ToggleGroup-Bmwk-F8q.js                    [39m[1m[2m  5.09 kB[22m[1m[22m
[2m../../../../../AppData/Local/Temp/chromatic--25420-24RX1Fvg1xRn/[22m[36massets/Textarea-DYdJfWkz.js                       [39m[1m[2m  5.47 kB[22m[1m[22m
[2m../../../../../AppData/Local/Temp/chromatic--25420-24RX1Fvg1xRn/[22m[36massets/Paginator.stories-BuN4c2vT.js              [39m[1m[2m  5.57 kB[22m[1m[22m
[2m../../../../../AppData/Local/Temp/chromatic--25420-24RX1Fvg1xRn/[22m[36massets/ContextualMenu-tYtwdzyA.js                 [39m[1m[2m  5.65 kB[22m[1m[22m
[2m../../../../../AppData/Local/Temp/chromatic--25420-24RX1Fvg1xRn/[22m[36massets/StatusLight.stories-CXwXwtAQ.js            [39m[1m[2m  5.74 kB[22m[1m[22m
[2m../../../../../AppData/Local/Temp/chromatic--25420-24RX1Fvg1xRn/[22m[36massets/Sidenav-Dk4YwtRG.js                        [39m[1m[2m  5.93 kB[22m[1m[22m
[2m../../../../../AppData/Local/Temp/chromatic--25420-24RX1Fvg1xRn/[22m[36massets/Flex.stories-CnBr5biE.js                   [39m[1m[2m  5.99 kB[22m[1m[22m
[2m../../../../../AppData/Local/Temp/chromatic--25420-24RX1Fvg1xRn/[22m[36massets/Alert-CJNklSIc.js                          [39m[1m[2m  6.16 kB[22m[1m[22m
[2m../../../../../AppData/Local/Temp/chromatic--25420-24RX1Fvg1xRn/[22m[36massets/ApplicationLayout-CP8WziuI.js              [39m[1m[2m  6.33 kB[22m[1m[22m
[2m../../../../../AppData/Local/Temp/chromatic--25420-24RX1Fvg1xRn/[22m[36massets/RadioGroup-BfAk5uea.js                     [39m[1m[2m  6.33 kB[22m[1m[22m
[2m../../../../../AppData/Local/Temp/chromatic--25420-24RX1Fvg1xRn/[22m[36massets/Table-DPKnYzlf.js                          [39m[1m[2m  6.80 kB[22m[1m[22m
[2m../../../../../AppData/Local/Temp/chromatic--25420-24RX1Fvg1xRn/[22m[36massets/Spinner-CC6f1eb8.js                        [39m[1m[2m  6.95 kB[22m[1m[22m
[2m../../../../../AppData/Local/Temp/chromatic--25420-24RX1Fvg1xRn/[22m[36massets/ProgressBar.stories-C9TMBqm7.js            [39m[1m[2m  6.96 kB[22m[1m[22m
[2m../../../../../AppData/Local/Temp/chromatic--25420-24RX1Fvg1xRn/[22m[36massets/index-B3ehnkiM.js                          [39m[1m[2m  7.16 kB[22m[1m[22m
[2m../../../../../AppData/Local/Temp/chromatic--25420-24RX1Fvg1xRn/[22m[36massets/PasswordInput.stories-NS6qVxGN.js          [39m[1m[2m  7.26 kB[22m[1m[22m
[2m../../../../../AppData/Local/Temp/chromatic--25420-24RX1Fvg1xRn/[22m[36massets/Box.stories-C9b7F4Rg.js                    [39m[1m[2m  7.31 kB[22m[1m[22m
[2m../../../../../AppData/Local/Temp/chromatic--25420-24RX1Fvg1xRn/[22m[36massets/Slider-iFJoVYjZ.js                         [39m[1m[2m  7.37 kB[22m[1m[22m
[2m../../../../../AppData/Local/Temp/chromatic--25420-24RX1Fvg1xRn/[22m[36massets/Breadcrumbs.stories-nMQ9-HUI.js            [39m[1m[2m  7.46 kB[22m[1m[22m
[2m../../../../../AppData/Local/Temp/chromatic--25420-24RX1Fvg1xRn/[22m[36massets/preview-BAz7FMXc.js                        [39m[1m[2m  7.62 kB[22m[1m[22m
[2m../../../../../AppData/Local/Temp/chromatic--25420-24RX1Fvg1xRn/[22m[36massets/Wizard-BJxI4Jrh.js                         [39m[1m[2m  7.72 kB[22m[1m[22m
[2m../../../../../AppData/Local/Temp/chromatic--25420-24RX1Fvg1xRn/[22m[36massets/preview-sVLxC_Lr.js                        [39m[1m[2m  8.07 kB[22m[1m[22m
[2m../../../../../AppData/Local/Temp/chromatic--25420-24RX1Fvg1xRn/[22m[36massets/BulletedList.stories-u5l1G2pP.js           [39m[1m[2m  8.13 kB[22m[1m[22m
[2m../../../../../AppData/Local/Temp/chromatic--25420-24RX1Fvg1xRn/[22m[36massets/ApplicationLayout.stories-BNuMnhB2.js      [39m[1m[2m  8.49 kB[22m[1m[22m
[2m../../../../../AppData/Local/Temp/chromatic--25420-24RX1Fvg1xRn/[22m[36massets/Dropdown-Cp91jy6G.js                       [39m[1m[2m  8.61 kB[22m[1m[22m
[2m../../../../../AppData/Local/Temp/chromatic--25420-24RX1Fvg1xRn/[22m[36massets/Header-BozxQZuV.js                         [39m[1m[2m  8.67 kB[22m[1m[22m
[2m../../../../../AppData/Local/Temp/chromatic--25420-24RX1Fvg1xRn/[22m[36massets/NumberInput.stories-BSId3epZ.js            [39m[1m[2m  9.10 kB[22m[1m[22m
[2m../../../../../AppData/Local/Temp/chromatic--25420-24RX1Fvg1xRn/[22m[36massets/ContextualMenu.stories-CFtt5NpQ.js         [39m[1m[2m  9.30 kB[22m[1m[22m
[2m../../../../../AppData/Local/Temp/chromatic--25420-24RX1Fvg1xRn/[22m[36massets/QuickNav-DK_bDKGf.js                       [39m[1m[2m  9.56 kB[22m[1m[22m
[2m../../../../../AppData/Local/Temp/chromatic--25420-24RX1Fvg1xRn/[22m[36massets/Tabs-Dsao4aWC.js                           [39m[1m[2m  9.66 kB[22m[1m[22m
[2m../../../../../AppData/Local/Temp/chromatic--25420-24RX1Fvg1xRn/[22m[36massets/Switch.stories-BzMBXOBB.js                 [39m[1m[2m  9.86 kB[22m[1m[22m
[2m../../../../../AppData/Local/Temp/chromatic--25420-24RX1Fvg1xRn/[22m[36massets/Footer.stories-CWRJrdr-.js                 [39m[1m[2m 10.19 kB[22m[1m[22m
[2m../../../../../AppData/Local/Temp/chromatic--25420-24RX1Fvg1xRn/[22m[36massets/Tag.stories-DBO1Wnyf.js                    [39m[1m[2m 10.20 kB[22m[1m[22m
[2m../../../../../AppData/Local/Temp/chromatic--25420-24RX1Fvg1xRn/[22m[36massets/Spinner.stories-Co2SEs0i.js                [39m[1m[2m 10.46 kB[22m[1m[22m
[2m../../../../../AppData/Local/Temp/chromatic--25420-24RX1Fvg1xRn/[22m[36massets/FileInput-gZe9sywf.js                      [39m[1m[2m 10.95 kB[22m[1m[22m
[2m../../../../../AppData/Local/Temp/chromatic--25420-24RX1Fvg1xRn/[22m[36massets/ToggleGroup.stories-BrWkI564.js            [39m[1m[2m 11.24 kB[22m[1m[22m
[2m../../../../../AppData/Local/Temp/chromatic--25420-24RX1Fvg1xRn/[22m[36massets/Footer-C7edWLiE.js                         [39m[1m[2m 11.37 kB[22m[1m[22m
[2m../../../../../AppData/Local/Temp/chromatic--25420-24RX1Fvg1xRn/[22m[36massets/Tabs.stories-B2T1Fpy5.js                   [39m[1m[2m 11.56 kB[22m[1m[22m
[2m../../../../../AppData/Local/Temp/chromatic--25420-24RX1Fvg1xRn/[22m[36massets/Card.stories-CxrOmLAZ.js                   [39m[1m[2m 11.70 kB[22m[1m[22m
[2m../../../../../AppData/Local/Temp/chromatic--25420-24RX1Fvg1xRn/[22m[36massets/Wizard.stories-IysEBSCt.js                 [39m[1m[2m 11.73 kB[22m[1m[22m
[2m../../../../../AppData/Local/Temp/chromatic--25420-24RX1Fvg1xRn/[22m[36massets/Inset.stories-BNQvO3Ny.js                  [39m[1m[2m 11.86 kB[22m[1m[22m
[2m../../../../../AppData/Local/Temp/chromatic--25420-24RX1Fvg1xRn/[22m[36massets/Slider.stories-AVaBBLMa.js                 [39m[1m[2m 11.92 kB[22m[1m[22m
[2m../../../../../AppData/Local/Temp/chromatic--25420-24RX1Fvg1xRn/[22m[36massets/Textarea.stories-CG-l9xKf.js               [39m[1m[2m 12.53 kB[22m[1m[22m
[2m../../../../../AppData/Local/Temp/chromatic--25420-24RX1Fvg1xRn/[22m[36massets/Typography.stories-CB2IdIMD.js             [39m[1m[2m 12.89 kB[22m[1m[22m
[2m../../../../../AppData/Local/Temp/chromatic--25420-24RX1Fvg1xRn/[22m[36massets/Header.stories-DbJaczKw.js                 [39m[1m[2m 13.07 kB[22m[1m[22m
[2m../../../../../AppData/Local/Temp/chromatic--25420-24RX1Fvg1xRn/[22m[36massets/Image.stories-BbP4KCLp.js                  [39m[1m[2m 13.23 kB[22m[1m[22m
[2m../../../../../AppData/Local/Temp/chromatic--25420-24RX1Fvg1xRn/[22m[36massets/Container.stories-CMeaFarc.js              [39m[1m[2m 13.38 kB[22m[1m[22m
[2m../../../../../AppData/Local/Temp/chromatic--25420-24RX1Fvg1xRn/[22m[36massets/Chip.stories-CupSSW2v.js                   [39m[1m[2m 13.64 kB[22m[1m[22m
[2m../../../../../AppData/Local/Temp/chromatic--25420-24RX1Fvg1xRn/[22m[36massets/Grid.stories-3LrEhG2E.js                   [39m[1m[2m 14.06 kB[22m[1m[22m
[2m../../../../../AppData/Local/Temp/chromatic--25420-24RX1Fvg1xRn/[22m[36massets/Alert.stories-CWvvODXI.js                  [39m[1m[2m 14.62 kB[22m[1m[22m
[2m../../../../../AppData/Local/Temp/chromatic--25420-24RX1Fvg1xRn/[22m[36massets/TextInput-D_0r0Vvx.js                      [39m[1m[2m 14.76 kB[22m[1m[22m
[2m../../../../../AppData/Local/Temp/chromatic--25420-24RX1Fvg1xRn/[22m[36massets/Tooltip.stories-DHPuM7wN.js                [39m[1m[2m 14.77 kB[22m[1m[22m
[2m../../../../../AppData/Local/Temp/chromatic--25420-24RX1Fvg1xRn/[22m[36massets/Checkbox.stories-Brl68vrN.js               [39m[1m[2m 14.89 kB[22m[1m[22m
[2m../../../../../AppData/Local/Temp/chromatic--25420-24RX1Fvg1xRn/[22m[36massets/iframe-g_zcH2-B.js                         [39m[1m[2m 16.22 kB[22m[1m[22m
[2m../../../../../AppData/Local/Temp/chromatic--25420-24RX1Fvg1xRn/[22m[36massets/RadioGroup.stories-DVtZ9V5E.js             [39m[1m[2m 16.54 kB[22m[1m[22m
[2m../../../../../AppData/Local/Temp/chromatic--25420-24RX1Fvg1xRn/[22m[36massets/ResultsetTable.stories-CXiFBqAh.js         [39m[1m[2m 16.64 kB[22m[1m[22m
[2m../../../../../AppData/Local/Temp/chromatic--25420-24RX1Fvg1xRn/[22m[36massets/Badge.stories-BnxCxETi.js                  [39m[1m[2m 17.20 kB[22m[1m[22m
[2m../../../../../AppData/Local/Temp/chromatic--25420-24RX1Fvg1xRn/[22m[36massets/DateInput.stories-D4absccA.js              [39m[1m[2m 17.33 kB[22m[1m[22m
[2m../../../../../AppData/Local/Temp/chromatic--25420-24RX1Fvg1xRn/[22m[36massets/NavTabs.stories-DOXkqhsm.js                [39m[1m[2m 17.48 kB[22m[1m[22m
[2m../../../../../AppData/Local/Temp/chromatic--25420-24RX1Fvg1xRn/[22m[36massets/Accordion.stories-IqDTLRRn.js              [39m[1m[2m 17.66 kB[22m[1m[22m
[2m../../../../../AppData/Local/Temp/chromatic--25420-24RX1Fvg1xRn/[22m[36massets/Select-BfFBqJvJ.js                         [39m[1m[2m 18.13 kB[22m[1m[22m
[2m../../../../../AppData/Local/Temp/chromatic--25420-24RX1Fvg1xRn/[22m[36massets/Sidenav.stories-BdBvXw5i.js                [39m[1m[2m 18.59 kB[22m[1m[22m
[2m../../../../../AppData/Local/Temp/chromatic--25420-24RX1Fvg1xRn/[22m[36massets/Bleed.stories-DO2-YB2w.js                  [39m[1m[2m 19.63 kB[22m[1m[22m
[2m../../../../../AppData/Local/Temp/chromatic--25420-24RX1Fvg1xRn/[22m[36massets/Link.stories-CHYRhzF5.js                   [39m[1m[2m 19.88 kB[22m[1m[22m
[2m../../../../../AppData/Local/Temp/chromatic--25420-24RX1Fvg1xRn/[22m[36massets/index-Bjw36ok-.js                          [39m[1m[2m 20.71 kB[22m[1m[22m
[2m../../../../../AppData/Local/Temp/chromatic--25420-24RX1Fvg1xRn/[22m[36massets/Dropdown.stories-Cwozx3Tt.js               [39m[1m[2m 23.41 kB[22m[1m[22m
[2m../../../../../AppData/Local/Temp/chromatic--25420-24RX1Fvg1xRn/[22m[36massets/DateInput-BQ2EFTeg.js                      [39m[1m[2m 24.54 kB[22m[1m[22m
[2m../../../../../AppData/Local/Temp/chromatic--25420-24RX1Fvg1xRn/[22m[36massets/AccordionGroup.stories-BYozdlRZ.js         [39m[1m[2m 24.57 kB[22m[1m[22m
[2m../../../../../AppData/Local/Temp/chromatic--25420-24RX1Fvg1xRn/[22m[36massets/TextInput.stories-Bjci_Lhm.js              [39m[1m[2m 25.75 kB[22m[1m[22m
[2m../../../../../AppData/Local/Temp/chromatic--25420-24RX1Fvg1xRn/[22m[36massets/Button.stories-BYq9xMPm.js                 [39m[1m[2m 26.93 kB[22m[1m[22m
[2m../../../../../AppData/Local/Temp/chromatic--25420-24RX1Fvg1xRn/[22m[36massets/FileInput.stories-BZOjI3zA.js              [39m[1m[2m 28.83 kB[22m[1m[22m
[2m../../../../../AppData/Local/Temp/chromatic--25420-24RX1Fvg1xRn/[22m[36massets/Table.stories-CEtLW2KB.js                  [39m[1m[2m 31.69 kB[22m[1m[22m
[2m../../../../../AppData/Local/Temp/chromatic--25420-24RX1Fvg1xRn/[22m[36massets/Divider.stories-B44RtZh3.js                [39m[1m[2m 33.53 kB[22m[1m[22m
[2m../../../../../AppData/Local/Temp/chromatic--25420-24RX1Fvg1xRn/[22m[36massets/index-BSSXWMQC.js                          [39m[1m[2m 34.40 kB[22m[1m[22m
[2m../../../../../AppData/Local/Temp/chromatic--25420-24RX1Fvg1xRn/[22m[36massets/styled-components.browser.esm-DYBaGJgu.js  [39m[1m[2m 35.91 kB[22m[1m[22m
[2m../../../../../AppData/Local/Temp/chromatic--25420-24RX1Fvg1xRn/[22m[36massets/Dialog.stories-CDXQ7Oiq.js                 [39m[1m[2m 40.48 kB[22m[1m[22m
[2m../../../../../AppData/Local/Temp/chromatic--25420-24RX1Fvg1xRn/[22m[36massets/QuickNav.stories-1BEQ6ovV.js               [39m[1m[2m 43.87 kB[22m[1m[22m
[2m../../../../../AppData/Local/Temp/chromatic--25420-24RX1Fvg1xRn/[22m[36massets/Select.stories-CbCRcvRQ.js                 [39m[1m[2m 43.92 kB[22m[1m[22m
[2m../../../../../AppData/Local/Temp/chromatic--25420-24RX1Fvg1xRn/[22m[36massets/HalstackContext-By_30tU8.js                [39m[1m[2m 81.23 kB[22m[1m[22m
[2m../../../../../AppData/Local/Temp/chromatic--25420-24RX1Fvg1xRn/[22m[36massets/index-TCUHuiZB.js                          [39m[1m[2m134.03 kB[22m[1m[22m
[2m../../../../../AppData/Local/Temp/chromatic--25420-24RX1Fvg1xRn/[22m[36massets/axe-tIjS_RJW.js                            [39m[1m[33m575.25 kB[39m[22m
[2m../../../../../AppData/Local/Temp/chromatic--25420-24RX1Fvg1xRn/[22m[36massets/index-Po7X3BzN.js                          [39m[1m[33m577.80 kB[39m[22m
[2m../../../../../AppData/Local/Temp/chromatic--25420-24RX1Fvg1xRn/[22m[36massets/preview-Ck_dQuhL.js                        [39m[1m[33m580.61 kB[39m[22m
[32m✓ built in 7.13s[39m
info => Preview built (7.88 s)
info => Output directory: C:\Users\moren\AppData\Local\Temp\chromatic--25420-24RX1Fvg1xRn
